<?xml version="1.0" encoding="UTF-8"?>
<!-- Generated by org.testng.reporters.JUnitXMLReporter -->
<testsuite hostname="DESKTOP-OI33K19" ignored="0" name="Test" tests="4" failures="0" timestamp="2020-06-03T19:36:36 IST" time="38.906" errors="0">
  <testcase name="first" time="8.162" classname="com.framework.selenium.testcases.SecondDemo"/>
  <testcase name="second" time="6.24" classname="com.framework.selenium.testcases.SecondDemo"/>
  <testcase name="first" time="8.413" classname="com.framework.selenium.testcases.SeleniumDemo"/>
  <testcase name="second" time="5.401" classname="com.framework.selenium.testcases.SeleniumDemo"/>
</testsuite> <!-- Test -->
