<?xml version="1.0" encoding="UTF-8"?>
<!-- Generated by org.testng.reporters.JUnitXMLReporter -->
<testsuite hostname="DESKTOP-OI33K19" ignored="0" name="Test" tests="4" failures="0" timestamp="2020-06-03T20:01:00 IST" time="51.29" errors="0">
  <testcase name="first" time="19.113" classname="com.framework.selenium.testcases.SecondDemo"/>
  <testcase name="second" time="4.95" classname="com.framework.selenium.testcases.SecondDemo"/>
  <testcase name="first" time="11.507" classname="com.framework.selenium.testcases.SeleniumDemo"/>
  <testcase name="second" time="5.608" classname="com.framework.selenium.testcases.SeleniumDemo"/>
</testsuite> <!-- Test -->
