<?xml version="1.0" encoding="UTF-8"?>
<testng-results skipped="0" failed="0" ignored="0" total="4" passed="4">
  <reporter-output>
  </reporter-output>
  <suite name="Suite" duration-ms="38906" started-at="2020-06-03T19:35:57 IST" finished-at="2020-06-03T19:36:36 IST">
    <groups>
    </groups>
    <test name="Test" duration-ms="38906" started-at="2020-06-03T19:35:57 IST" finished-at="2020-06-03T19:36:36 IST">
      <class name="com.framework.selenium.testcases.SeleniumDemo">
        <test-method status="PASS" signature="setup()[pri:0, instance:com.framework.selenium.testcases.SeleniumDemo@64729b1e]" name="setup" is-config="true" duration-ms="2903" started-at="2020-06-03T19:36:19 IST" finished-at="2020-06-03T19:36:22 IST">
          <reporter-output>
          </reporter-output>
        </test-method> <!-- setup -->
        <test-method status="PASS" signature="first()[pri:0, instance:com.framework.selenium.testcases.SeleniumDemo@64729b1e]" name="first" duration-ms="8413" started-at="2020-06-03T19:36:22 IST" finished-at="2020-06-03T19:36:30 IST">
          <reporter-output>
          </reporter-output>
        </test-method> <!-- first -->
        <test-method status="PASS" signature="second()[pri:0, instance:com.framework.selenium.testcases.SeleniumDemo@64729b1e]" name="second" duration-ms="5401" started-at="2020-06-03T19:36:30 IST" finished-at="2020-06-03T19:36:35 IST">
          <reporter-output>
          </reporter-output>
        </test-method> <!-- second -->
        <test-method status="PASS" signature="tearDown()[pri:0, instance:com.framework.selenium.testcases.SeleniumDemo@64729b1e]" name="tearDown" is-config="true" duration-ms="883" started-at="2020-06-03T19:36:35 IST" finished-at="2020-06-03T19:36:36 IST">
          <reporter-output>
          </reporter-output>
        </test-method> <!-- tearDown -->
      </class> <!-- com.framework.selenium.testcases.SeleniumDemo -->
      <class name="com.framework.selenium.testcases.SecondDemo">
        <test-method status="PASS" signature="setup()[pri:0, instance:com.framework.selenium.testcases.SecondDemo@4e7dc304]" name="setup" is-config="true" duration-ms="5746" started-at="2020-06-03T19:35:57 IST" finished-at="2020-06-03T19:36:03 IST">
          <reporter-output>
          </reporter-output>
        </test-method> <!-- setup -->
        <test-method status="PASS" signature="first()[pri:0, instance:com.framework.selenium.testcases.SecondDemo@4e7dc304]" name="first" duration-ms="8162" started-at="2020-06-03T19:36:03 IST" finished-at="2020-06-03T19:36:11 IST">
          <reporter-output>
          </reporter-output>
        </test-method> <!-- first -->
        <test-method status="PASS" signature="second()[pri:0, instance:com.framework.selenium.testcases.SecondDemo@4e7dc304]" name="second" duration-ms="6240" started-at="2020-06-03T19:36:11 IST" finished-at="2020-06-03T19:36:18 IST">
          <reporter-output>
          </reporter-output>
        </test-method> <!-- second -->
        <test-method status="PASS" signature="tearDown()[pri:0, instance:com.framework.selenium.testcases.SecondDemo@4e7dc304]" name="tearDown" is-config="true" duration-ms="1071" started-at="2020-06-03T19:36:18 IST" finished-at="2020-06-03T19:36:19 IST">
          <reporter-output>
          </reporter-output>
        </test-method> <!-- tearDown -->
      </class> <!-- com.framework.selenium.testcases.SecondDemo -->
    </test> <!-- Test -->
  </suite> <!-- Suite -->
</testng-results>
